{"total": {"lines":{"total":256,"covered":140,"skipped":0,"pct":54.68},"statements":{"total":268,"covered":148,"skipped":0,"pct":55.22},"functions":{"total":59,"covered":35,"skipped":0,"pct":59.32},"branches":{"total":208,"covered":95,"skipped":0,"pct":45.67},"branchesTrue":{"total":0,"covered":0,"skipped":0,"pct":100}}
,"/mnt/ext2/code/prompts/github/forks/bob-plugin-openai-translator/src/lang.ts": {"lines":{"total":3,"covered":3,"skipped":0,"pct":100},"functions":{"total":1,"covered":1,"skipped":0,"pct":100},"statements":{"total":3,"covered":3,"skipped":0,"pct":100},"branches":{"total":0,"covered":0,"skipped":0,"pct":100}}
,"/mnt/ext2/code/prompts/github/forks/bob-plugin-openai-translator/src/adapter/base.ts": {"lines":{"total":52,"covered":30,"skipped":0,"pct":57.69},"functions":{"total":17,"covered":11,"skipped":0,"pct":64.7},"statements":{"total":52,"covered":30,"skipped":0,"pct":57.69},"branches":{"total":25,"covered":10,"skipped":0,"pct":40}}
,"/mnt/ext2/code/prompts/github/forks/bob-plugin-openai-translator/src/adapter/openai.ts": {"lines":{"total":97,"covered":62,"skipped":0,"pct":63.91},"functions":{"total":21,"covered":14,"skipped":0,"pct":66.66},"statements":{"total":98,"covered":62,"skipped":0,"pct":63.26},"branches":{"total":101,"covered":62,"skipped":0,"pct":61.38}}
,"/mnt/ext2/code/prompts/github/forks/bob-plugin-openai-translator/src/utils/error.ts": {"lines":{"total":31,"covered":22,"skipped":0,"pct":70.96},"functions":{"total":6,"covered":6,"skipped":0,"pct":100},"statements":{"total":34,"covered":25,"skipped":0,"pct":73.52},"branches":{"total":30,"covered":22,"skipped":0,"pct":73.33}}
,"/mnt/ext2/code/prompts/github/forks/bob-plugin-openai-translator/src/utils/model-capabilities.ts": {"lines":{"total":19,"covered":7,"skipped":0,"pct":36.84},"functions":{"total":7,"covered":0,"skipped":0,"pct":0},"statements":{"total":25,"covered":10,"skipped":0,"pct":40},"branches":{"total":11,"covered":0,"skipped":0,"pct":0}}
,"/mnt/ext2/code/prompts/github/forks/bob-plugin-openai-translator/src/utils/prompt.ts": {"lines":{"total":28,"covered":4,"skipped":0,"pct":14.28},"functions":{"total":2,"covered":0,"skipped":0,"pct":0},"statements":{"total":30,"covered":6,"skipped":0,"pct":20},"branches":{"total":29,"covered":0,"skipped":0,"pct":0}}
,"/mnt/ext2/code/prompts/github/forks/bob-plugin-openai-translator/src/utils/sse.ts": {"lines":{"total":26,"covered":12,"skipped":0,"pct":46.15},"functions":{"total":5,"covered":3,"skipped":0,"pct":60},"statements":{"total":26,"covered":12,"skipped":0,"pct":46.15},"branches":{"total":12,"covered":1,"skipped":0,"pct":8.33}}
}
